Using pre-set license
Built from 'trunk' branch; Version is '2021.2.0a20 (0bd21e314fca) revision 774686'; Using compiler version '192829333'; Build Type 'Release'
OS: 'Windows 10 Pro; OS build 19042.985; Version 2009; 64bit' Language: 'en' Physical Memory: 32697 MB
BatchMode: 1, IsHumanControllingUs: 0, StartBugReporterOnCrash: 0, Is64bit: 1, IsPro: 0

COMMAND LINE ARGUMENTS:
C:\Program Files\Unity\Hub\Editor\2021.2.0a20\Editor\Unity.exe
-adb2
-batchMode
-noUpm
-name
AssetImportWorker0
-projectPath
C:/Users/Camzoin/Documents/GitHub/Sayonara Circle
-logFile
Logs/AssetImportWorker0.log
-srvPort
57260
Successfully changed project path to: C:/Users/Camzoin/Documents/GitHub/Sayonara Circle
C:/Users/Camzoin/Documents/GitHub/Sayonara Circle
Refreshing native plugins compatible for Editor in 41.41 ms, found 2 plugins.
Preloading 0 native plugins for Editor in 0.00 ms.
Initialize engine version: 2021.2.0a20 (0bd21e314fca)
[Subsystems] Discovering subsystems at path C:/Program Files/Unity/Hub/Editor/2021.2.0a20/Editor/Data/Resources/UnitySubsystems
[Subsystems] Discovering subsystems at path C:/Users/Camzoin/Documents/GitHub/Sayonara Circle/Assets
GfxDevice: creating device client; threaded=0; jobified=0
Direct3D:
    Version:  Direct3D 11.0 [level 11.1]
    Renderer: AMD Radeon (TM) RX 580 (ID=0x67df)
    Vendor:   ATI
    VRAM:     8171 MB
    Driver:   27.20.22021.1002
Initialize mono
Mono path[0] = 'C:/Program Files/Unity/Hub/Editor/2021.2.0a20/Editor/Data/Managed'
Mono path[1] = 'C:/Program Files/Unity/Hub/Editor/2021.2.0a20/Editor/Data/MonoBleedingEdge/lib/mono/unityjit-win32'
Mono config path = 'C:/Program Files/Unity/Hub/Editor/2021.2.0a20/Editor/Data/MonoBleedingEdge/etc'
Using monoOptions --debugger-agent=transport=dt_socket,embedding=1,server=y,suspend=n,address=127.0.0.1:56644
Begin MonoManager ReloadAssembly
Registering precompiled unity dll's ...
Register platform support module: C:/Program Files/Unity/Hub/Editor/2021.2.0a20/Editor/Data/PlaybackEngines/WindowsStandaloneSupport/UnityEditor.WindowsStandalone.Extensions.dll
Registered in 0.004984 seconds.
Native extension for WindowsStandalone target not found
Refreshing native plugins compatible for Editor in 41.95 ms, found 2 plugins.
Preloading 0 native plugins for Editor in 0.00 ms.
Mono: successfully reloaded assembly
- Completed reload, in  0.771 seconds
Domain Reload Profiling:
	ReloadAssembly (795ms)
		BeginReloadAssembly (54ms)
			ExecutionOrderSort (0ms)
			DisableScriptedObjects (0ms)
			BackupInstance (0ms)
			ReleaseScriptingObjects (0ms)
			CreateAndSetChildDomain (1ms)
		EndReloadAssembly (474ms)
			LoadAssemblies (53ms)
			RebuildTransferFunctionScriptingTraits (0ms)
			SetupTypeCache (179ms)
			ReleaseScriptCaches (0ms)
			RebuildScriptCaches (18ms)
			SetupLoadedEditorAssemblies (198ms)
				LogAssemblyErrors (0ms)
				InitializePlatformSupportModulesInManaged (6ms)
				SetLoadedEditorAssemblies (0ms)
				RefreshPlugins (42ms)
				BeforeProcessingInitializeOnLoad (1ms)
				ProcessInitializeOnLoadAttributes (108ms)
				ProcessInitializeOnLoadMethodAttributes (41ms)
				AfterProcessingInitializeOnLoad (0ms)
				EditorAssembliesLoaded (0ms)
			ExecutionOrderSort2 (0ms)
			AwakeInstancesAfterBackupRestoration (0ms)
Platform modules already initialized, skipping
Registering precompiled user dll's ...
Registered in 0.002745 seconds.
Begin MonoManager ReloadAssembly
Native extension for WindowsStandalone target not found
Refreshing native plugins compatible for Editor in 41.88 ms, found 2 plugins.
Preloading 0 native plugins for Editor in 0.00 ms.
Package Manager log level set to [2]
Mono: successfully reloaded assembly
- Completed reload, in  1.253 seconds
Domain Reload Profiling:
	ReloadAssembly (1292ms)
		BeginReloadAssembly (275ms)
			ExecutionOrderSort (0ms)
			DisableScriptedObjects (10ms)
			BackupInstance (0ms)
			ReleaseScriptingObjects (0ms)
			CreateAndSetChildDomain (38ms)
		EndReloadAssembly (920ms)
			LoadAssemblies (92ms)
			RebuildTransferFunctionScriptingTraits (0ms)
			SetupTypeCache (304ms)
			ReleaseScriptCaches (1ms)
			RebuildScriptCaches (35ms)
			SetupLoadedEditorAssemblies (390ms)
				LogAssemblyErrors (0ms)
				InitializePlatformSupportModulesInManaged (11ms)
				SetLoadedEditorAssemblies (0ms)
				RefreshPlugins (42ms)
				BeforeProcessingInitializeOnLoad (59ms)
				ProcessInitializeOnLoadAttributes (258ms)
				ProcessInitializeOnLoadMethodAttributes (14ms)
				AfterProcessingInitializeOnLoad (6ms)
				EditorAssembliesLoaded (0ms)
			ExecutionOrderSort2 (0ms)
			AwakeInstancesAfterBackupRestoration (5ms)
Platform modules already initialized, skipping
========================================================================
Worker process is ready to serve import requests
Launched and connected shader compiler UnityShaderCompiler.exe after 0.05 seconds
Refreshing native plugins compatible for Editor in 0.51 ms, found 2 plugins.
Preloading 0 native plugins for Editor in 0.00 ms.
Unloading 2839 Unused Serialized files (Serialized files now loaded: 0)
Unloading 21 unused Assets / (466.8 KB). Loaded Objects now: 3300.
Memory consumption went from 134.2 MB to 133.7 MB.
Total: 3.005200 ms (FindLiveObjects: 0.228100 ms CreateObjectMapping: 0.069200 ms MarkObjects: 2.347000 ms  DeleteObjects: 0.359600 ms)

AssetImportParameters requested are different than current active one (requested -> active):
  custom:framework-win-MediaFoundation: 216162199b28c13a410421893ffa2e32 -> 
  custom:video-decoder-ogg-theora: a1e56fd34408186e4bbccfd4996cb3dc -> 
  custom:container-muxer-webm: aa71ff27fc2769a1b78a27578f13a17b -> 
  custom:container-demuxer-webm: 4f35f7cbe854078d1ac9338744f61a02 -> 
  custom:video-encoder-webm-vp8: eb34c28f22e8b96e1ab97ce403110664 -> 
  custom:container-demuxer-ogg: 62fdf1f143b41e24485cea50d1cbac27 -> 
  custom:audio-decoder-ogg-vorbis: bf7c407c2cedff20999df2af8eb42d56 -> 
  custom:video-decoder-webm-vp8: 9c59270c3fd7afecdb556c50c9e8de78 -> 
  custom:audio-encoder-webm-vorbis: bf7c407c2cedff20999df2af8eb42d56 -> 
========================================================================
Received Import Request.
  Time since last request: 36409.235926 seconds.
  path: Assets/Earth Colors.png
  artifactKey: Guid(c50c2165fefda15408f08b53f868a671) Importer(815301076,1909f56bfc062723c751e8b465ee728b)
Start importing Assets/Earth Colors.png using Guid(c50c2165fefda15408f08b53f868a671) Importer(815301076,1909f56bfc062723c751e8b465ee728b)  -> (artifact id: '657364fee9e9e5bb52971a1a80650bda') in 0.088630 seconds 
========================================================================
Received Import Request.
  Time since last request: 0.000016 seconds.
  path: Assets/Circle.fbx
  artifactKey: Guid(a48d700fcee54f340b4c6999c16cdda4) Importer(815301076,1909f56bfc062723c751e8b465ee728b)
Start importing Assets/Circle.fbx using Guid(a48d700fcee54f340b4c6999c16cdda4) Importer(815301076,1909f56bfc062723c751e8b465ee728b) NotSupportedException: ForwardRendererData has been deprecated. Use UniversalRendererData instead
  at UnityEngine.Rendering.Universal.ForwardRendererData.Create () [0x00000] in C:\Users\Camzoin\Documents\GitHub\Sayonara Circle\Library\PackageCache\com.unity.render-pipelines.universal@12.0.0\Runtime\ForwardRendererData.cs:55 
  at UnityEngine.Rendering.Universal.ScriptableRendererData.InternalCreateRenderer () [0x00007] in C:\Users\Camzoin\Documents\GitHub\Sayonara Circle\Library\PackageCache\com.unity.render-pipelines.universal@12.0.0\Runtime\ScriptableRendererData.cs:74 
  at UnityEngine.Rendering.Universal.UniversalRenderPipelineAsset.CreateRenderers () [0x00047] in C:\Users\Camzoin\Documents\GitHub\Sayonara Circle\Library\PackageCache\com.unity.render-pipelines.universal@12.0.0\Runtime\Data\UniversalRenderPipelineAsset.cs:372 
  at UnityEngine.Rendering.Universal.UniversalRenderPipelineAsset.CreatePipeline () [0x00055] in C:\Users\Camzoin\Documents\GitHub\Sayonara Circle\Library\PackageCache\com.unity.render-pipelines.universal@12.0.0\Runtime\Data\UniversalRenderPipelineAsset.cs:322 
  at UnityEngine.Rendering.RenderPipelineAsset.InternalCreatePipeline () [0x00004] in <546c054bece8453b98a8822cb5defeb1>:0 
UnityEngine.DebugLogHandler:Internal_LogException(Exception, Object)
UnityEngine.DebugLogHandler:LogException(Exception, Object)
UnityEngine.Logger:LogException(Exception, Object)
UnityEngine.Debug:LogException(Exception)
UnityEngine.Rendering.RenderPipelineAsset:InternalCreatePipeline()
UnityEngine.Rendering.RenderPipelineManager:PrepareRenderPipeline(RenderPipelineAsset)
UnityEngine.Rendering.RenderPipelineManager:DoRenderLoop_Internal(RenderPipelineAsset, IntPtr, List`1, AtomicSafetyHandle)
UnityEngine.Camera:Render(Camera)
UnityEditor.PreviewRenderUtility:Render(Boolean, Boolean)
UnityEditor.GameObjectInspector:DoRenderPreview()
UnityEditor.GameObjectInspector:RenderStaticPreview(String, Object[], Int32, Int32)
UnityEditor.AssetPreviewUpdater:CreatePreview(Object, Object[], String, Int32, Int32)
UnityEditor.AssetPreviewUpdater:CreatePreviewForAsset(Object, Object[], String)

(Filename: Library/PackageCache/com.unity.render-pipelines.universal@12.0.0/Runtime/ForwardRendererData.cs Line: 55)

NotSupportedException: ForwardRendererData has been deprecated. Use UniversalRendererData instead
  at UnityEngine.Rendering.Universal.ForwardRendererData.Create () [0x00000] in C:\Users\Camzoin\Documents\GitHub\Sayonara Circle\Library\PackageCache\com.unity.render-pipelines.universal@12.0.0\Runtime\ForwardRendererData.cs:55 
  at UnityEngine.Rendering.Universal.ScriptableRendererData.InternalCreateRenderer () [0x00007] in C:\Users\Camzoin\Documents\GitHub\Sayonara Circle\Library\PackageCache\com.unity.render-pipelines.universal@12.0.0\Runtime\ScriptableRendererData.cs:74 
  at UnityEngine.Rendering.Universal.UniversalRenderPipelineAsset.CreateRenderers () [0x00047] in C:\Users\Camzoin\Documents\GitHub\Sayonara Circle\Library\PackageCache\com.unity.render-pipelines.universal@12.0.0\Runtime\Data\UniversalRenderPipelineAsset.cs:372 
  at UnityEngine.Rendering.Universal.UniversalRenderPipelineAsset.CreatePipeline () [0x00055] in C:\Users\Camzoin\Documents\GitHub\Sayonara Circle\Library\PackageCache\com.unity.render-pipelines.universal@12.0.0\Runtime\Data\UniversalRenderPipelineAsset.cs:322 
  at UnityEngine.Rendering.RenderPipelineAsset.InternalCreatePipeline () [0x00004] in <546c054bece8453b98a8822cb5defeb1>:0 
UnityEngine.DebugLogHandler:Internal_LogException(Exception, Object)
UnityEngine.DebugLogHandler:LogException(Exception, Object)
UnityEngine.Logger:LogException(Exception, Object)
UnityEngine.Debug:LogException(Exception)
UnityEngine.Rendering.RenderPipelineAsset:InternalCreatePipeline()
UnityEngine.Rendering.RenderPipelineManager:PrepareRenderPipeline(RenderPipelineAsset)
UnityEngine.Rendering.RenderPipelineManager:DoRenderLoop_Internal(RenderPipelineAsset, IntPtr, List`1, AtomicSafetyHandle)
UnityEngine.Camera:Render(Camera)
UnityEditor.PreviewRenderUtility:Render(Boolean, Boolean)
UnityEditor.MaterialEditor:DoRenderPreview(PreviewRenderUtility, Boolean)
UnityEditor.MaterialEditor:RenderStaticPreview(String, Object[], Int32, Int32)
UnityEditor.AssetPreviewUpdater:CreatePreview(Object, Object[], String, Int32, Int32)
UnityEditor.AssetPreviewUpdater:CreatePreviewForAsset(Object, Object[], String)

(Filename: Library/PackageCache/com.unity.render-pipelines.universal@12.0.0/Runtime/ForwardRendererData.cs Line: 55)

 -> (artifact id: '79582179e4b845571412f2daa023d346') in 0.281786 seconds 
========================================================================
Received Import Request.
  Time since last request: 0.000018 seconds.
  path: Assets/Blue_Colors.png
  artifactKey: Guid(a3d6358881ada554ea78ff97e4e93c82) Importer(815301076,1909f56bfc062723c751e8b465ee728b)
Start importing Assets/Blue_Colors.png using Guid(a3d6358881ada554ea78ff97e4e93c82) Importer(815301076,1909f56bfc062723c751e8b465ee728b)  -> (artifact id: '3b020a3be58d8c50d15933f1cd22b000') in 0.009734 seconds 
========================================================================
Received Import Request.
  Time since last request: 0.000022 seconds.
  path: Assets/Menu_Option_BG.png
  artifactKey: Guid(8468739bdef1c3140b831a4cc9c0e9b1) Importer(815301076,1909f56bfc062723c751e8b465ee728b)
Start importing Assets/Menu_Option_BG.png using Guid(8468739bdef1c3140b831a4cc9c0e9b1) Importer(815301076,1909f56bfc062723c751e8b465ee728b)  -> (artifact id: '565059677bc0097e396292048c5de9c6') in 0.030679 seconds 
========================================================================
Received Import Request.
  Time since last request: 0.000014 seconds.
  path: Assets/Default_Circle_Colors.png
  artifactKey: Guid(cec9de64ff6cd73439d35cc3faa5c972) Importer(815301076,1909f56bfc062723c751e8b465ee728b)
Start importing Assets/Default_Circle_Colors.png using Guid(cec9de64ff6cd73439d35cc3faa5c972) Importer(815301076,1909f56bfc062723c751e8b465ee728b)  -> (artifact id: 'bf1263019d76a5dcc82556a110451cf7') in 0.009195 seconds 
========================================================================
Received Import Request.
  Time since last request: 0.000015 seconds.
  path: Assets/Sayo_Indic.fbx
  artifactKey: Guid(0c927743aba81d442a241a0108a4c1d2) Importer(815301076,1909f56bfc062723c751e8b465ee728b)
Start importing Assets/Sayo_Indic.fbx using Guid(0c927743aba81d442a241a0108a4c1d2) Importer(815301076,1909f56bfc062723c751e8b465ee728b) NotSupportedException: ForwardRendererData has been deprecated. Use UniversalRendererData instead
  at UnityEngine.Rendering.Universal.ForwardRendererData.Create () [0x00000] in C:\Users\Camzoin\Documents\GitHub\Sayonara Circle\Library\PackageCache\com.unity.render-pipelines.universal@12.0.0\Runtime\ForwardRendererData.cs:55 
  at UnityEngine.Rendering.Universal.ScriptableRendererData.InternalCreateRenderer () [0x00007] in C:\Users\Camzoin\Documents\GitHub\Sayonara Circle\Library\PackageCache\com.unity.render-pipelines.universal@12.0.0\Runtime\ScriptableRendererData.cs:74 
  at UnityEngine.Rendering.Universal.UniversalRenderPipelineAsset.CreateRenderers () [0x00047] in C:\Users\Camzoin\Documents\GitHub\Sayonara Circle\Library\PackageCache\com.unity.render-pipelines.universal@12.0.0\Runtime\Data\UniversalRenderPipelineAsset.cs:372 
  at UnityEngine.Rendering.Universal.UniversalRenderPipelineAsset.CreatePipeline () [0x00055] in C:\Users\Camzoin\Documents\GitHub\Sayonara Circle\Library\PackageCache\com.unity.render-pipelines.universal@12.0.0\Runtime\Data\UniversalRenderPipelineAsset.cs:322 
  at UnityEngine.Rendering.RenderPipelineAsset.InternalCreatePipeline () [0x00004] in <546c054bece8453b98a8822cb5defeb1>:0 
UnityEngine.DebugLogHandler:Internal_LogException(Exception, Object)
UnityEngine.DebugLogHandler:LogException(Exception, Object)
UnityEngine.Logger:LogException(Exception, Object)
UnityEngine.Debug:LogException(Exception)
UnityEngine.Rendering.RenderPipelineAsset:InternalCreatePipeline()
UnityEngine.Rendering.RenderPipelineManager:PrepareRenderPipeline(RenderPipelineAsset)
UnityEngine.Rendering.RenderPipelineManager:DoRenderLoop_Internal(RenderPipelineAsset, IntPtr, List`1, AtomicSafetyHandle)
UnityEngine.Camera:Render(Camera)
UnityEditor.PreviewRenderUtility:Render(Boolean, Boolean)
UnityEditor.GameObjectInspector:DoRenderPreview()
UnityEditor.GameObjectInspector:RenderStaticPreview(String, Object[], Int32, Int32)
UnityEditor.AssetPreviewUpdater:CreatePreview(Object, Object[], String, Int32, Int32)
UnityEditor.AssetPreviewUpdater:CreatePreviewForAsset(Object, Object[], String)

(Filename: Library/PackageCache/com.unity.render-pipelines.universal@12.0.0/Runtime/ForwardRendererData.cs Line: 55)

NotSupportedException: ForwardRendererData has been deprecated. Use UniversalRendererData instead
  at UnityEngine.Rendering.Universal.ForwardRendererData.Create () [0x00000] in C:\Users\Camzoin\Documents\GitHub\Sayonara Circle\Library\PackageCache\com.unity.render-pipelines.universal@12.0.0\Runtime\ForwardRendererData.cs:55 
  at UnityEngine.Rendering.Universal.ScriptableRendererData.InternalCreateRenderer () [0x00007] in C:\Users\Camzoin\Documents\GitHub\Sayonara Circle\Library\PackageCache\com.unity.render-pipelines.universal@12.0.0\Runtime\ScriptableRendererData.cs:74 
  at UnityEngine.Rendering.Universal.UniversalRenderPipelineAsset.CreateRenderers () [0x00047] in C:\Users\Camzoin\Documents\GitHub\Sayonara Circle\Library\PackageCache\com.unity.render-pipelines.universal@12.0.0\Runtime\Data\UniversalRenderPipelineAsset.cs:372 
  at UnityEngine.Rendering.Universal.UniversalRenderPipelineAsset.CreatePipeline () [0x00055] in C:\Users\Camzoin\Documents\GitHub\Sayonara Circle\Library\PackageCache\com.unity.render-pipelines.universal@12.0.0\Runtime\Data\UniversalRenderPipelineAsset.cs:322 
  at UnityEngine.Rendering.RenderPipelineAsset.InternalCreatePipeline () [0x00004] in <546c054bece8453b98a8822cb5defeb1>:0 
UnityEngine.DebugLogHandler:Internal_LogException(Exception, Object)
UnityEngine.DebugLogHandler:LogException(Exception, Object)
UnityEngine.Logger:LogException(Exception, Object)
UnityEngine.Debug:LogException(Exception)
UnityEngine.Rendering.RenderPipelineAsset:InternalCreatePipeline()
UnityEngine.Rendering.RenderPipelineManager:PrepareRenderPipeline(RenderPipelineAsset)
UnityEngine.Rendering.RenderPipelineManager:DoRenderLoop_Internal(RenderPipelineAsset, IntPtr, List`1, AtomicSafetyHandle)
UnityEngine.Camera:Render(Camera)
UnityEditor.PreviewRenderUtility:Render(Boolean, Boolean)
UnityEditor.MaterialEditor:DoRenderPreview(PreviewRenderUtility, Boolean)
UnityEditor.MaterialEditor:RenderStaticPreview(String, Object[], Int32, Int32)
UnityEditor.AssetPreviewUpdater:CreatePreview(Object, Object[], String, Int32, Int32)
UnityEditor.AssetPreviewUpdater:CreatePreviewForAsset(Object, Object[], String)

(Filename: Library/PackageCache/com.unity.render-pipelines.universal@12.0.0/Runtime/ForwardRendererData.cs Line: 55)

 -> (artifact id: '28d16969d7fa276102a691144d8d772f') in 0.021066 seconds 
========================================================================
Received Import Request.
  Time since last request: 0.000017 seconds.
  path: Assets/Sayo_Circle.fbx
  artifactKey: Guid(e8895008dd1cb6d4fa2e2ae59bc573f8) Importer(815301076,1909f56bfc062723c751e8b465ee728b)
Start importing Assets/Sayo_Circle.fbx using Guid(e8895008dd1cb6d4fa2e2ae59bc573f8) Importer(815301076,1909f56bfc062723c751e8b465ee728b) NotSupportedException: ForwardRendererData has been deprecated. Use UniversalRendererData instead
  at UnityEngine.Rendering.Universal.ForwardRendererData.Create () [0x00000] in C:\Users\Camzoin\Documents\GitHub\Sayonara Circle\Library\PackageCache\com.unity.render-pipelines.universal@12.0.0\Runtime\ForwardRendererData.cs:55 
  at UnityEngine.Rendering.Universal.ScriptableRendererData.InternalCreateRenderer () [0x00007] in C:\Users\Camzoin\Documents\GitHub\Sayonara Circle\Library\PackageCache\com.unity.render-pipelines.universal@12.0.0\Runtime\ScriptableRendererData.cs:74 
  at UnityEngine.Rendering.Universal.UniversalRenderPipelineAsset.CreateRenderers () [0x00047] in C:\Users\Camzoin\Documents\GitHub\Sayonara Circle\Library\PackageCache\com.unity.render-pipelines.universal@12.0.0\Runtime\Data\UniversalRenderPipelineAsset.cs:372 
  at UnityEngine.Rendering.Universal.UniversalRenderPipelineAsset.CreatePipeline () [0x00055] in C:\Users\Camzoin\Documents\GitHub\Sayonara Circle\Library\PackageCache\com.unity.render-pipelines.universal@12.0.0\Runtime\Data\UniversalRenderPipelineAsset.cs:322 
  at UnityEngine.Rendering.RenderPipelineAsset.InternalCreatePipeline () [0x00004] in <546c054bece8453b98a8822cb5defeb1>:0 
UnityEngine.DebugLogHandler:Internal_LogException(Exception, Object)
UnityEngine.DebugLogHandler:LogException(Exception, Object)
UnityEngine.Logger:LogException(Exception, Object)
UnityEngine.Debug:LogException(Exception)
UnityEngine.Rendering.RenderPipelineAsset:InternalCreatePipeline()
UnityEngine.Rendering.RenderPipelineManager:PrepareRenderPipeline(RenderPipelineAsset)
UnityEngine.Rendering.RenderPipelineManager:DoRenderLoop_Internal(RenderPipelineAsset, IntPtr, List`1, AtomicSafetyHandle)
UnityEngine.Camera:Render(Camera)
UnityEditor.PreviewRenderUtility:Render(Boolean, Boolean)
UnityEditor.GameObjectInspector:DoRenderPreview()
UnityEditor.GameObjectInspector:RenderStaticPreview(String, Object[], Int32, Int32)
UnityEditor.AssetPreviewUpdater:CreatePreview(Object, Object[], String, Int32, Int32)
UnityEditor.AssetPreviewUpdater:CreatePreviewForAsset(Object, Object[], String)

(Filename: Library/PackageCache/com.unity.render-pipelines.universal@12.0.0/Runtime/ForwardRendererData.cs Line: 55)

NotSupportedException: ForwardRendererData has been deprecated. Use UniversalRendererData instead
  at UnityEngine.Rendering.Universal.ForwardRendererData.Create () [0x00000] in C:\Users\Camzoin\Documents\GitHub\Sayonara Circle\Library\PackageCache\com.unity.render-pipelines.universal@12.0.0\Runtime\ForwardRendererData.cs:55 
  at UnityEngine.Rendering.Universal.ScriptableRendererData.InternalCreateRenderer () [0x00007] in C:\Users\Camzoin\Documents\GitHub\Sayonara Circle\Library\PackageCache\com.unity.render-pipelines.universal@12.0.0\Runtime\ScriptableRendererData.cs:74 
  at UnityEngine.Rendering.Universal.UniversalRenderPipelineAsset.CreateRenderers () [0x00047] in C:\Users\Camzoin\Documents\GitHub\Sayonara Circle\Library\PackageCache\com.unity.render-pipelines.universal@12.0.0\Runtime\Data\UniversalRenderPipelineAsset.cs:372 
  at UnityEngine.Rendering.Universal.UniversalRenderPipelineAsset.CreatePipeline () [0x00055] in C:\Users\Camzoin\Documents\GitHub\Sayonara Circle\Library\PackageCache\com.unity.render-pipelines.universal@12.0.0\Runtime\Data\UniversalRenderPipelineAsset.cs:322 
  at UnityEngine.Rendering.RenderPipelineAsset.InternalCreatePipeline () [0x00004] in <546c054bece8453b98a8822cb5defeb1>:0 
UnityEngine.DebugLogHandler:Internal_LogException(Exception, Object)
UnityEngine.DebugLogHandler:LogException(Exception, Object)
UnityEngine.Logger:LogException(Exception, Object)
UnityEngine.Debug:LogException(Exception)
UnityEngine.Rendering.RenderPipelineAsset:InternalCreatePipeline()
UnityEngine.Rendering.RenderPipelineManager:PrepareRenderPipeline(RenderPipelineAsset)
UnityEngine.Rendering.RenderPipelineManager:DoRenderLoop_Internal(RenderPipelineAsset, IntPtr, List`1, AtomicSafetyHandle)
UnityEngine.Camera:Render(Camera)
UnityEditor.PreviewRenderUtility:Render(Boolean, Boolean)
UnityEditor.MaterialEditor:DoRenderPreview(PreviewRenderUtility, Boolean)
UnityEditor.MaterialEditor:RenderStaticPreview(String, Object[], Int32, Int32)
UnityEditor.AssetPreviewUpdater:CreatePreview(Object, Object[], String, Int32, Int32)
UnityEditor.AssetPreviewUpdater:CreatePreviewForAsset(Object, Object[], String)

(Filename: Library/PackageCache/com.unity.render-pipelines.universal@12.0.0/Runtime/ForwardRendererData.cs Line: 55)

NotSupportedException: ForwardRendererData has been deprecated. Use UniversalRendererData instead
  at UnityEngine.Rendering.Universal.ForwardRendererData.Create () [0x00000] in C:\Users\Camzoin\Documents\GitHub\Sayonara Circle\Library\PackageCache\com.unity.render-pipelines.universal@12.0.0\Runtime\ForwardRendererData.cs:55 
  at UnityEngine.Rendering.Universal.ScriptableRendererData.InternalCreateRenderer () [0x00007] in C:\Users\Camzoin\Documents\GitHub\Sayonara Circle\Library\PackageCache\com.unity.render-pipelines.universal@12.0.0\Runtime\ScriptableRendererData.cs:74 
  at UnityEngine.Rendering.Universal.UniversalRenderPipelineAsset.CreateRenderers () [0x00047] in C:\Users\Camzoin\Documents\GitHub\Sayonara Circle\Library\PackageCache\com.unity.render-pipelines.universal@12.0.0\Runtime\Data\UniversalRenderPipelineAsset.cs:372 
  at UnityEngine.Rendering.Universal.UniversalRenderPipelineAsset.CreatePipeline () [0x00055] in C:\Users\Camzoin\Documents\GitHub\Sayonara Circle\Library\PackageCache\com.unity.render-pipelines.universal@12.0.0\Runtime\Data\UniversalRenderPipelineAsset.cs:322 
  at UnityEngine.Rendering.RenderPipelineAsset.InternalCreatePipeline () [0x00004] in <546c054bece8453b98a8822cb5defeb1>:0 
UnityEngine.DebugLogHandler:Internal_LogException(Exception, Object)
UnityEngine.DebugLogHandler:LogException(Exception, Object)
UnityEngine.Logger:LogException(Exception, Object)
UnityEngine.Debug:LogException(Exception)
UnityEngine.Rendering.RenderPipelineAsset:InternalCreatePipeline()
UnityEngine.Rendering.RenderPipelineManager:PrepareRenderPipeline(RenderPipelineAsset)
UnityEngine.Rendering.RenderPipelineManager:DoRenderLoop_Internal(RenderPipelineAsset, IntPtr, List`1, AtomicSafetyHandle)
UnityEngine.Camera:Render(Camera)
UnityEditor.PreviewRenderUtility:Render(Boolean, Boolean)
UnityEditor.MaterialEditor:DoRenderPreview(PreviewRenderUtility, Boolean)
UnityEditor.MaterialEditor:RenderStaticPreview(String, Object[], Int32, Int32)
UnityEditor.AssetPreviewUpdater:CreatePreview(Object, Object[], String, Int32, Int32)
UnityEditor.AssetPreviewUpdater:CreatePreviewForAsset(Object, Object[], String)

(Filename: Library/PackageCache/com.unity.render-pipelines.universal@12.0.0/Runtime/ForwardRendererData.cs Line: 55)

 -> (artifact id: 'f0487140fbfb105b0c4c2a990af59fa3') in 0.024982 seconds 
========================================================================
Received Import Request.
  Time since last request: 0.000017 seconds.
  path: Assets/Other_Colors.png
  artifactKey: Guid(168bf96fc6ee18645897f3cba5721970) Importer(815301076,1909f56bfc062723c751e8b465ee728b)
Start importing Assets/Other_Colors.png using Guid(168bf96fc6ee18645897f3cba5721970) Importer(815301076,1909f56bfc062723c751e8b465ee728b)  -> (artifact id: 'fbe75f7d54d25b2eb1b8e4df3179141d') in 0.008981 seconds 
========================================================================
Received Import Request.
  Time since last request: 2.039583 seconds.
  path: Assets/Scripts
  artifactKey: Guid(02a3527b6b33a924e8ec66aa805ea717) Importer(815301076,1909f56bfc062723c751e8b465ee728b)
Start importing Assets/Scripts using Guid(02a3527b6b33a924e8ec66aa805ea717) Importer(815301076,1909f56bfc062723c751e8b465ee728b)  -> (artifact id: '5e84f4c4f0932b4a025ffc361afa1842') in 0.004970 seconds 
========================================================================
Received Import Request.
  Time since last request: 6.315050 seconds.
  path: Assets/Scripts/DialogSO.cs
  artifactKey: Guid(b86c7dd1f705390489bcdadaf57c7a9b) Importer(815301076,1909f56bfc062723c751e8b465ee728b)
Start importing Assets/Scripts/DialogSO.cs using Guid(b86c7dd1f705390489bcdadaf57c7a9b) Importer(815301076,1909f56bfc062723c751e8b465ee728b)  -> (artifact id: 'd153128834b39ecc3feaa04882520ca8') in 0.007047 seconds 
